# JRE version: Java(TM) SE Runtime Environment (17.0.9+11) (build 17.0.9+11-LTS-201)
# Java VM: Java HotSpot(TM) 64-Bit Server VM (17.0.9+11-LTS-201, mixed mode, emulated-client, sharing, tiered, compressed oops, compressed class ptrs, g1 gc, windows-amd64)
GC Precious Log:
 CPUs: 12 total, 12 available
 Memory: 24407M
 Large Page Support: Disabled
 NUMA Support: Disabled
 Compressed Oops: Enabled (Zero based)
 Heap Region Size: 4M
 Heap Min Capacity: 8M
 Heap Initial Capacity: 384M
 Heap Max Capacity: 6104M
 Pre-touch: Disabled
 Parallel Workers: 10
 Concurrent Workers: 3
 Concurrent Refinement Workers: 10
 Periodic GC: Disabled
Heap:
 garbage-first heap   total 81920K, used 39086K [0x0000000682800000, 0x0000000800000000)
  region size 4096K, 4 young (16384K), 1 survivors (4096K)
 Metaspace       used 64498K, committed 65088K, reserved 1114112K
  class space    used 9114K, committed 9344K, reserved 1048576K
GC Heap History (20 events):
Event: 7357.186 GC heap after
{Heap after GC invocations=20 (full 0):
 garbage-first heap   total 81920K, used 28769K [0x0000000682800000, 0x0000000800000000)
  region size 4096K, 1 young (4096K), 1 survivors (4096K)
 Metaspace       used 64391K, committed 65024K, reserved 1114112K
  class space    used 9090K, committed 9344K, reserved 1048576K
}
Event: 9417.475 GC heap before
{Heap before GC invocations=20 (full 0):
 garbage-first heap   total 81920K, used 61537K [0x0000000682800000, 0x0000000800000000)
  region size 4096K, 9 young (36864K), 1 survivors (4096K)
 Metaspace       used 64391K, committed 65024K, reserved 1114112K
  class space    used 9090K, committed 9344K, reserved 1048576K
}
Event: 9417.479 GC heap after
{Heap after GC invocations=21 (full 0):
 garbage-first heap   total 81920K, used 28562K [0x0000000682800000, 0x0000000800000000)
  region size 4096K, 1 young (4096K), 1 survivors (4096K)
 Metaspace       used 64391K, committed 65024K, reserved 1114112K
  class space    used 9090K, committed 9344K, reserved 1048576K
}
Event: 11471.102 GC heap before
{Heap before GC invocations=21 (full 0):
 garbage-first heap   total 81920K, used 61330K [0x0000000682800000, 0x0000000800000000)
  region size 4096K, 9 young (36864K), 1 survivors (4096K)
 Metaspace       used 64391K, committed 65024K, reserved 1114112K
  class space    used 9090K, committed 9344K, reserved 1048576K
}
Event: 11471.104 GC heap after
{Heap after GC invocations=22 (full 0):
 garbage-first heap   total 81920K, used 28572K [0x0000000682800000, 0x0000000800000000)
  region size 4096K, 1 young (4096K), 1 survivors (4096K)
 Metaspace       used 64391K, committed 65024K, reserved 1114112K
  class space    used 9090K, committed 9344K, reserved 1048576K
}
Event: 13800.800 GC heap before
{Heap before GC invocations=22 (full 0):
 garbage-first heap   total 81920K, used 65436K [0x0000000682800000, 0x0000000800000000)
  region size 4096K, 10 young (40960K), 1 survivors (4096K)
 Metaspace       used 64391K, committed 65024K, reserved 1114112K
  class space    used 9090K, committed 9344K, reserved 1048576K
}
Event: 13800.802 GC heap after
{Heap after GC invocations=23 (full 0):
 garbage-first heap   total 81920K, used 28574K [0x0000000682800000, 0x0000000800000000)
  region size 4096K, 1 young (4096K), 1 survivors (4096K)
 Metaspace       used 64391K, committed 65024K, reserved 1114112K
  class space    used 9090K, committed 9344K, reserved 1048576K
}
Event: 15981.234 GC heap before
{Heap before GC invocations=23 (full 0):
 garbage-first heap   total 81920K, used 65438K [0x0000000682800000, 0x0000000800000000)
  region size 4096K, 10 young (40960K), 1 survivors (4096K)
 Metaspace       used 64391K, committed 65024K, reserved 1114112K
  class space    used 9090K, committed 9344K, reserved 1048576K
}
Event: 15981.236 GC heap after
{Heap after GC invocations=24 (full 0):
 garbage-first heap   total 81920K, used 28873K [0x0000000682800000, 0x0000000800000000)
  region size 4096K, 1 young (4096K), 1 survivors (4096K)
 Metaspace       used 64391K, committed 65024K, reserved 1114112K
  class space    used 9090K, committed 9344K, reserved 1048576K
}
Event: 18079.482 GC heap before
{Heap before GC invocations=24 (full 0):
 garbage-first heap   total 81920K, used 65737K [0x0000000682800000, 0x0000000800000000)
  region size 4096K, 10 young (40960K), 1 survivors (4096K)
 Metaspace       used 64391K, committed 65024K, reserved 1114112K
  class space    used 9090K, committed 9344K, reserved 1048576K
}
Event: 18079.485 GC heap after
{Heap after GC invocations=25 (full 0):
 garbage-first heap   total 81920K, used 29099K [0x0000000682800000, 0x0000000800000000)
  region size 4096K, 1 young (4096K), 1 survivors (4096K)
 Metaspace       used 64391K, committed 65024K, reserved 1114112K
  class space    used 9090K, committed 9344K, reserved 1048576K
}
Event: 20095.468 GC heap before
{Heap before GC invocations=25 (full 0):
 garbage-first heap   total 81920K, used 61867K [0x0000000682800000, 0x0000000800000000)
  region size 4096K, 9 young (36864K), 1 survivors (4096K)
 Metaspace       used 64391K, committed 65024K, reserved 1114112K
  class space    used 9090K, committed 9344K, reserved 1048576K
}
Event: 20095.471 GC heap after
{Heap after GC invocations=26 (full 0):
 garbage-first heap   total 81920K, used 28579K [0x0000000682800000, 0x0000000800000000)
  region size 4096K, 1 young (4096K), 1 survivors (4096K)
 Metaspace       used 64391K, committed 65024K, reserved 1114112K
  class space    used 9090K, committed 9344K, reserved 1048576K
}
Event: 22368.471 GC heap before
{Heap before GC invocations=26 (full 0):
 garbage-first heap   total 81920K, used 65443K [0x0000000682800000, 0x0000000800000000)
  region size 4096K, 10 young (40960K), 1 survivors (4096K)
 Metaspace       used 64391K, committed 65024K, reserved 1114112K
  class space    used 9090K, committed 9344K, reserved 1048576K
}
Event: 22368.473 GC heap after
{Heap after GC invocations=27 (full 0):
 garbage-first heap   total 81920K, used 28656K [0x0000000682800000, 0x0000000800000000)
  region size 4096K, 1 young (4096K), 1 survivors (4096K)
 Metaspace       used 64391K, committed 65024K, reserved 1114112K
  class space    used 9090K, committed 9344K, reserved 1048576K
}
Event: 24666.474 GC heap before
{Heap before GC invocations=27 (full 0):
 garbage-first heap   total 81920K, used 65520K [0x0000000682800000, 0x0000000800000000)
  region size 4096K, 10 young (40960K), 1 survivors (4096K)
 Metaspace       used 64391K, committed 65024K, reserved 1114112K
  class space    used 9090K, committed 9344K, reserved 1048576K
}
Event: 24666.477 GC heap after
{Heap after GC invocations=28 (full 0):
 garbage-first heap   total 81920K, used 28708K [0x0000000682800000, 0x0000000800000000)
  region size 4096K, 1 young (4096K), 1 survivors (4096K)
 Metaspace       used 64391K, committed 65024K, reserved 1114112K
  class space    used 9090K, committed 9344K, reserved 1048576K
}
Event: 26698.123 GC heap before
{Heap before GC invocations=28 (full 0):
 garbage-first heap   total 81920K, used 65572K [0x0000000682800000, 0x0000000800000000)
  region size 4096K, 10 young (40960K), 1 survivors (4096K)
 Metaspace       used 64391K, committed 65024K, reserved 1114112K
  class space    used 9090K, committed 9344K, reserved 1048576K
}
Event: 26698.125 GC heap after
{Heap after GC invocations=29 (full 0):
 garbage-first heap   total 81920K, used 29192K [0x0000000682800000, 0x0000000800000000)
  region size 4096K, 1 young (4096K), 1 survivors (4096K)
 Metaspace       used 64391K, committed 65024K, reserved 1114112K
  class space    used 9090K, committed 9344K, reserved 1048576K
}
Event: 27169.057 GC heap before
{Heap before GC invocations=29 (full 0):
 garbage-first heap   total 81920K, used 37384K [0x0000000682800000, 0x0000000800000000)
  region size 4096K, 4 young (16384K), 1 survivors (4096K)
 Metaspace       used 64498K, committed 65088K, reserved 1114112K
  class space    used 9114K, committed 9344K, reserved 1048576K
}

